<?xml version='1.0' encoding='UTF-8'?>
<testsuite hostname="C02CH30FLVDL" name="jass.genericIntervalTree.OverlapDepthSpec" tests="7" errors="0" failures="0" skipped="0" time="0.004" timestamp="2022-10-26T09:49:06">
                     <properties>
[...]
</properties>
                     <testcase classname="jass.genericIntervalTree.OverlapDepthSpec" name="compute the overlap depth should return file2, file3 and file7 as head of groups" time="0.002">
                                                 
                                               </testcase><testcase classname="jass.genericIntervalTree.OverlapDepthSpec" name="compute the overlap depth should return one group only" time="0.0">
                                                 
                                               </testcase><testcase classname="jass.genericIntervalTree.OverlapDepthSpec" name="compute the overlap depth should return every interval as head of separate group" time="0.0">
                                                 
                                               </testcase><testcase classname="jass.genericIntervalTree.OverlapDepthSpec" name="compute the overlap depth should return 2.3333332538604736 as overlap depth" time="0.002">
                                                 
                                               </testcase><testcase classname="jass.genericIntervalTree.OverlapDepthSpec" name="compute the overlap depth should return the number of files when all files have the same min max" time="0.0">
                                                 
                                               </testcase><testcase classname="jass.genericIntervalTree.OverlapDepthSpec" name="compute the overlap depth should return 5.666666507720947 as overlap depth" time="0.0">
                                                 
                                               </testcase><testcase classname="jass.genericIntervalTree.OverlapDepthSpec" name="compute the overlap depth should return 1 as overlap depth" time="0.0">
                                                 
                                               </testcase>
                     <system-out><![CDATA[]]></system-out>
                     <system-err><![CDATA[]]></system-err>
                   </testsuite>