<?xml version='1.0' encoding='UTF-8'?>
<testsuite hostname="C02CH30FLVDL" name="jass.metrics.DeltaClusteringMetricsSpec" tests="3" errors="0" failures="0" skipped="1" time="18.635" timestamp="2023-03-24T16:54:51">
                     <properties>
[...]
</properties>
                     <testcase classname="jass.metrics.DeltaClusteringMetricsSpec" name="test overlap for a delta table with non overlapping files" time="14.924">
                                                 
                                               </testcase><testcase classname="jass.metrics.DeltaClusteringMetricsSpec" name="test overlap for a delta table with all overlapping files" time="3.712">
                                                 
                                               </testcase><testcase classname="jass.metrics.DeltaClusteringMetricsSpec" name="get metrics for a column without statistics" time="-0.001">
                                                 <skipped/>
                                               </testcase>
                     <system-out><![CDATA[]]></system-out>
                     <system-err><![CDATA[]]></system-err>
                   </testsuite>