<?xml version='1.0' encoding='UTF-8'?>
<testsuite hostname="C02CH30FLVDL" name="jass.fileStatsIntervalTree.NodeSpec" tests="22" errors="0" failures="0" skipped="3" time="0.071" timestamp="2023-03-24T16:54:51">
                     <properties>
[...]
</properties>
                     <testcase classname="jass.fileStatsIntervalTree.NodeSpec" name="depth.Node holding a single interval [1, 5] should not be empty" time="0.058">
                                                 
                                               </testcase><testcase classname="jass.fileStatsIntervalTree.NodeSpec" name="depth.Node holding a single interval [1, 5] should has no left or right children" time="-0.001">
                                                 <skipped/>
                                               </testcase><testcase classname="jass.fileStatsIntervalTree.NodeSpec" name="depth.Node holding a single interval [1, 5] should return 1 result on query interval [4, 8]" time="0.001">
                                                 
                                               </testcase><testcase classname="jass.fileStatsIntervalTree.NodeSpec" name="depth.Node holding a single interval [1, 5] should return 1 result on query interval [2, 3]" time="0.0">
                                                 
                                               </testcase><testcase classname="jass.fileStatsIntervalTree.NodeSpec" name="depth.Node holding a single interval [1, 5] should return 1 result on query interval [0, 1]" time="0.001">
                                                 
                                               </testcase><testcase classname="jass.fileStatsIntervalTree.NodeSpec" name="depth.Node holding a single interval [1, 5] should return 0 result on query interval [-1, 0]" time="0.001">
                                                 
                                               </testcase><testcase classname="jass.fileStatsIntervalTree.NodeSpec" name="depth.Node holding a single interval [1, 5] should return 1 result on query interval [6, 7]" time="0.001">
                                                 
                                               </testcase><testcase classname="jass.fileStatsIntervalTree.NodeSpec" name="Node holding many intervals should not be empty" time="0.002">
                                                 
                                               </testcase><testcase classname="jass.fileStatsIntervalTree.NodeSpec" name="Node holding many intervals should has 1 left and 1 right child" time="0.0">
                                                 
                                               </testcase><testcase classname="jass.fileStatsIntervalTree.NodeSpec" name="Node holding many intervals should return 2 results on query interval [6, 19]" time="0.003">
                                                 
                                               </testcase><testcase classname="jass.fileStatsIntervalTree.NodeSpec" name="depth.Node holding same interval multiple times should not be empty" time="0.0">
                                                 
                                               </testcase><testcase classname="jass.fileStatsIntervalTree.NodeSpec" name="depth.Node holding same interval multiple times should has 1 left and 1 right child" time="-0.001">
                                                 <skipped/>
                                               </testcase><testcase classname="jass.fileStatsIntervalTree.NodeSpec" name="depth.Node holding same interval multiple times should return 3 results on query interval [6, 19]" time="0.0">
                                                 
                                               </testcase><testcase classname="jass.fileStatsIntervalTree.NodeSpec" name="depth.Node holding same interval multiple times should return 3 results on query interval [300, 400]" time="0.001">
                                                 
                                               </testcase><testcase classname="jass.fileStatsIntervalTree.NodeSpec" name="depth.Node holding same interval multiple times should return 0 results on query interval [360, 400]" time="0.001">
                                                 
                                               </testcase><testcase classname="jass.fileStatsIntervalTree.NodeSpec" name="Node holding sorted intervals should not be empty" time="0.001">
                                                 
                                               </testcase><testcase classname="jass.fileStatsIntervalTree.NodeSpec" name="Node holding sorted intervals should has 1 left and 1 right child" time="-0.001">
                                                 <skipped/>
                                               </testcase><testcase classname="jass.fileStatsIntervalTree.NodeSpec" name="Node holding sorted intervals should return 2 results on the first and last files and 3 else" time="0.002">
                                                 
                                               </testcase><testcase classname="jass.fileStatsIntervalTree.NodeSpec" name="Bug1 Node holding many intervals should not be empty" time="0.001">
                                                 
                                               </testcase><testcase classname="jass.fileStatsIntervalTree.NodeSpec" name="Bug1 Node holding many intervals should return 2 results on the first and last files and 3 else" time="0.0">
                                                 
                                               </testcase><testcase classname="jass.fileStatsIntervalTree.NodeSpec" name="Node holding many intervals all in one group should not be empty" time="0.0">
                                                 
                                               </testcase><testcase classname="jass.fileStatsIntervalTree.NodeSpec" name="Node holding many intervals all in one group should return 2 results on the first and last files and 3 else" time="0.001">
                                                 
                                               </testcase>
                     <system-out><![CDATA[]]></system-out>
                     <system-err><![CDATA[]]></system-err>
                   </testsuite>