[0m[[0m[0mdebug[0m] [0m[0m> Exec(testOnly delta.fileStatsIntervalTree.OverlapDepthSpec, None, None)[0m
[0m[[0m[0mdebug[0m] [0m[0mEvaluating tasks: Test / testOnly[0m
[0m[[0m[0mdebug[0m] [0m[0mRunning task... Cancel: Signal, check cycles: false, forcegc: true[0m
[0m[[0m[0minfo[0m] [0m[0mcompiling 1 Scala source to /Users/abidijasser/databricks/ClusteringInfo/target/scala-2.12/classes ...[0m
[0m[[0m[0minfo[0m] [0m[0mdone compiling[0m
[0m[[0m[0minfo[0m] [0m[0m[32mOverlapDepthSpec:[0m[0m
[0m[[0m[0minfo[0m] [0m[0m[32mcompute the overlap depth[0m[0m
[0m[[0m[0minfo[0m] [0m[0m[33m- should return file2, file3 and file7 as head of groups !!! IGNORED !!![0m[0m
[0m[[0m[0minfo[0m] [0m[0m[33m- should return one group only !!! IGNORED !!![0m[0m
[0m[[0m[0minfo[0m] [0m[0m[33m- should return every interval as head of separate group !!! IGNORED !!![0m[0m
[0m[[0m[0minfo[0m] [0m[0m[33m- should return 2.3333332538604736 as overlap depth !!! IGNORED !!![0m[0m
[0m[[0m[0minfo[0m] [0m[0m[33m- should return the number of files when all files have the same min max !!! IGNORED !!![0m[0m
[0m[[0m[0minfo[0m] [0m[0m[31m- should return 5.666666507720947 as overlap depth *** FAILED ***[0m[0m
[0m[[0m[0minfo[0m] [0m[0m[31m  5.0 was not equal to 5.6667 (OverlapDepthSpec.scala:82)[0m[0m
[0m[[0m[0minfo[0m] [0m[0m[33m- should return 1 as overlap depth !!! IGNORED !!![0m[0m
[0m[[0m[0minfo[0m] [0m[0m[36mRun completed in 186 milliseconds.[0m[0m
[0m[[0m[0minfo[0m] [0m[0m[36mTotal number of tests run: 1[0m[0m
[0m[[0m[0minfo[0m] [0m[0m[36mSuites: completed 1, aborted 0[0m[0m
[0m[[0m[0minfo[0m] [0m[0m[36mTests: succeeded 0, failed 1, canceled 0, ignored 6, pending 0[0m[0m
[0m[[0m[0minfo[0m] [0m[0m[31m*** 1 TEST FAILED ***[0m[0m
[0m[[0m[31merror[0m] [0m[0mFailed tests:[0m
[0m[[0m[31merror[0m] [0m[0m	delta.fileStatsIntervalTree.OverlapDepthSpec[0m
[0m[[0m[31merror[0m] [0m[0m(Test / [31mtestOnly[0m) sbt.TestsFailedException: Tests unsuccessful[0m
[0m[[0m[31merror[0m] [0m[0mTotal time: 1 s, completed May 4, 2022 2:38:46 PM[0m
[0m[[0m[0mdebug[0m] [0m[0m> Exec(idea-shell, None, None)[0m
